<?xml version="1.0" encoding="UTF-8"?>
<testng-results skipped="0" failed="0" ignored="0" total="1" passed="1">
  <reporter-output>
  </reporter-output>
  <suite name="Default suite" duration-ms="45748" started-at="2018-04-01T16:39:55Z" finished-at="2018-04-01T16:40:41Z">
    <groups>
    </groups>
    <test name="Default test" duration-ms="45748" started-at="2018-04-01T16:39:55Z" finished-at="2018-04-01T16:40:41Z">
      <class name="com.pom.testcases.LoginPageTestCases">
        <test-method status="PASS" signature="setUp()[pri:0, instance:com.pom.testcases.LoginPageTestCases@7113b13f]" name="setUp" is-config="true" duration-ms="33036" started-at="2018-04-01T22:09:55Z" finished-at="2018-04-01T22:10:28Z">
          <reporter-output>
          </reporter-output>
        </test-method> <!-- setUp -->
        <test-method status="PASS" signature="loginToApplication()[pri:0, instance:com.pom.testcases.LoginPageTestCases@7113b13f]" name="loginToApplication" duration-ms="10960" started-at="2018-04-01T22:10:28Z" finished-at="2018-04-01T22:10:39Z">
          <reporter-output>
          </reporter-output>
        </test-method> <!-- loginToApplication -->
        <test-method status="PASS" signature="closeDriver()[pri:0, instance:com.pom.testcases.LoginPageTestCases@7113b13f]" name="closeDriver" is-config="true" duration-ms="1728" started-at="2018-04-01T22:10:39Z" finished-at="2018-04-01T22:10:41Z">
          <reporter-output>
          </reporter-output>
        </test-method> <!-- closeDriver -->
      </class> <!-- com.pom.testcases.LoginPageTestCases -->
    </test> <!-- Default test -->
  </suite> <!-- Default suite -->
</testng-results>
