<?xml version="1.0" encoding="UTF-8"?>
<testng-results skipped="0" failed="0" ignored="0" total="1" passed="1">
  <reporter-output>
  </reporter-output>
  <suite name="Default suite" duration-ms="18635" started-at="2017-12-11T07:30:42Z" finished-at="2017-12-11T07:31:01Z">
    <groups>
    </groups>
    <test name="Default test" duration-ms="18635" started-at="2017-12-11T07:30:42Z" finished-at="2017-12-11T07:31:01Z">
      <class name="com.pom.testcases.LoginPageTestCases">
        <test-method status="PASS" signature="setUp()[pri:0, instance:com.pom.testcases.LoginPageTestCases@cc285f4]" name="setUp" is-config="true" duration-ms="12042" started-at="2017-12-11T13:00:42Z" finished-at="2017-12-11T13:00:54Z">
          <reporter-output>
          </reporter-output>
        </test-method> <!-- setUp -->
        <test-method status="PASS" signature="loginToApplication()[pri:0, instance:com.pom.testcases.LoginPageTestCases@cc285f4]" name="loginToApplication" duration-ms="5924" started-at="2017-12-11T13:00:54Z" finished-at="2017-12-11T13:01:00Z">
          <reporter-output>
          </reporter-output>
        </test-method> <!-- loginToApplication -->
        <test-method status="PASS" signature="closeDriver()[pri:0, instance:com.pom.testcases.LoginPageTestCases@cc285f4]" name="closeDriver" is-config="true" duration-ms="655" started-at="2017-12-11T13:01:00Z" finished-at="2017-12-11T13:01:01Z">
          <reporter-output>
          </reporter-output>
        </test-method> <!-- closeDriver -->
      </class> <!-- com.pom.testcases.LoginPageTestCases -->
    </test> <!-- Default test -->
  </suite> <!-- Default suite -->
</testng-results>
